<?xml version="1.0" encoding="UTF-8"?>
<!-- Generated by org.testng.reporters.JUnitXMLReporter -->
<testsuite ignored="6" hostname="SAGAR" failures="1" tests="2" name="Test(failed)(failed)" time="0.083" errors="0" timestamp="2022-06-25T10:45:01 IST">
  <testcase classname="failedXMLStudy.FailedXMLTest1" name="A" time="0.011"/>
  <testcase classname="failedXMLStudy.FailedXMLTest2" name="R" time="0.006">
    <failure type="java.lang.AssertionError" message="null">
      <![CDATA[java.lang.AssertionError: null
at failedXMLStudy.FailedXMLTest2.R(FailedXMLTest2.java:23)
at java.base/java.util.ArrayList.forEach(ArrayList.java:1541)
... Removed 29 stack frames]]>
    </failure>
  </testcase> <!-- R -->
  <testcase classname="failedXMLStudy.FailedXMLTest2" name="Q" time="0.0">
    <ignored/>
  </testcase> <!-- Q -->
  <testcase classname="failedXMLStudy.FailedXMLTest1" name="C" time="0.0">
    <ignored/>
  </testcase> <!-- C -->
  <testcase classname="failedXMLStudy.FailedXMLTest2" name="P" time="0.0">
    <ignored/>
  </testcase> <!-- P -->
  <testcase classname="failedXMLStudy.FailedXMLTest1" name="B" time="0.0">
    <ignored/>
  </testcase> <!-- B -->
  <testcase classname="failedXMLStudy.FailedXMLTest2" name="S" time="0.0">
    <ignored/>
  </testcase> <!-- S -->
  <testcase classname="failedXMLStudy.FailedXMLTest1" name="D" time="0.0">
    <ignored/>
  </testcase> <!-- D -->
</testsuite> <!-- Test(failed)(failed) -->
