<?xml version="1.0" encoding="UTF-8"?>
<!-- Generated by org.testng.reporters.JUnitXMLReporter -->
<testsuite ignored="0" hostname="SAGAR" failures="2" tests="6" name="Test" time="0.197" errors="0" timestamp="2022-07-07T10:58:11 IST">
  <testcase classname="listener.TestClass" name="MyMethod2" time="0.019">
    <failure type="java.lang.AssertionError" message="null">
      <![CDATA[java.lang.AssertionError: null
at listener.TestClass.MyMethod2(TestClass.java:21)
at java.base/java.util.ArrayList.forEach(ArrayList.java:1541)
... Removed 29 stack frames]]>
    </failure>
  </testcase> <!-- MyMethod2 -->
  <testcase classname="listener.TestClass" name="MyMethod1" time="0.014"/>
  <testcase classname="listener.TestClass" name="MyMethod3" time="0.0">
    <skipped/>
  </testcase> <!-- MyMethod3 -->
  <testcase classname="listener.TestClass2" name="MyMethod4" time="0.003"/>
  <testcase classname="listener.TestClass2" name="MyMethod5" time="0.002">
    <failure type="java.lang.AssertionError" message="null">
      <![CDATA[java.lang.AssertionError: null
at listener.TestClass2.MyMethod5(TestClass2.java:21)
at java.base/java.util.ArrayList.forEach(ArrayList.java:1541)
... Removed 29 stack frames]]>
    </failure>
  </testcase> <!-- MyMethod5 -->
  <testcase classname="listener.TestClass2" name="MyMethod6" time="0.0">
    <skipped/>
  </testcase> <!-- MyMethod6 -->
</testsuite> <!-- Test -->
