<?xml version="1.0" encoding="UTF-8"?>
<!-- Generated by org.testng.reporters.JUnitXMLReporter -->
<testsuite ignored="3" hostname="SAGAR" failures="1" tests="1" name="Test(failed)(failed)(failed)" time="0.083" errors="0" timestamp="2022-06-25T10:45:15 IST">
  <testcase classname="failedXMLStudy.FailedXMLTest2" name="R" time="0.015">
    <failure type="java.lang.AssertionError" message="null">
      <![CDATA[java.lang.AssertionError: null
at failedXMLStudy.FailedXMLTest2.R(FailedXMLTest2.java:23)
at java.base/java.util.ArrayList.forEach(ArrayList.java:1541)
... Removed 29 stack frames]]>
    </failure>
  </testcase> <!-- R -->
  <testcase classname="failedXMLStudy.FailedXMLTest2" name="Q" time="0.0">
    <ignored/>
  </testcase> <!-- Q -->
  <testcase classname="failedXMLStudy.FailedXMLTest2" name="P" time="0.0">
    <ignored/>
  </testcase> <!-- P -->
  <testcase classname="failedXMLStudy.FailedXMLTest2" name="S" time="0.0">
    <ignored/>
  </testcase> <!-- S -->
</testsuite> <!-- Test(failed)(failed)(failed) -->
